Tbc/app/build/outputs/logs/manifest-merger-debug-report.txt
-- Merging decision tree log ---
manifest
ADDED from src\main\AndroidManifest.xml:2:1-132:12
INJECTED from src\main\AndroidManifest.xml:2:1-132:12
INJECTED from src\main\AndroidManifest.xml:2:1-132:12
INJECTED from src\main\AndroidManifest.xml:2:1-132:12
MERGED from [com.android.support:appcompat-v7:22.2.1] AndroidManifest.xml:17:1-24:12
MERGED from [com.android.support:support-v4:22.2.1] AndroidManifest.xml:17:1-24:12
MERGED from [com.android.support.constraint:constraint-layout:1.0.2] AndroidManifest.xml:2:1-11:12
INJECTED from src\main\AndroidManifest.xml:2:1-132:12
INJECTED from src\main\AndroidManifest.xml:2:1-132:12
INJECTED from src\main\AndroidManifest.xml:2:1-132:12
	package
		ADDED from src\main\AndroidManifest.xml:3:5-30
		INJECTED from src\main\AndroidManifest.xml
		INJECTED from src\main\AndroidManifest.xml
	android:versionName
		ADDED from src\main\AndroidManifest.xml:5:5-32
		INJECTED from src\main\AndroidManifest.xml
		INJECTED from src\main\AndroidManifest.xml
	xmlns:android
		ADDED from src\main\AndroidManifest.xml:2:11-69
	android:versionCode
		ADDED from src\main\AndroidManifest.xml:4:5-28
		INJECTED from src\main\AndroidManifest.xml
		INJECTED from src\main\AndroidManifest.xml
uses-sdk
ADDED from src\main\AndroidManifest.xml:7:5-9:41
INJECTED from src\main\AndroidManifest.xml:7:5-9:41
INJECTED from src\main\AndroidManifest.xml:7:5-9:41
MERGED from [com.android.support:appcompat-v7:22.2.1] AndroidManifest.xml:20:5-43
MERGED from [com.android.support:appcompat-v7:22.2.1] AndroidManifest.xml:20:5-43
MERGED from [com.android.support:support-v4:22.2.1] AndroidManifest.xml:20:5-43
MERGED from [com.android.support:support-v4:22.2.1] AndroidManifest.xml:20:5-43
MERGED from [com.android.support.constraint:constraint-layout:1.0.2] AndroidManifest.xml:5:5-7:41
MERGED from [com.android.support.constraint:constraint-layout:1.0.2] AndroidManifest.xml:5:5-7:41
INJECTED from src\main\AndroidManifest.xml:7:5-9:41
INJECTED from src\main\AndroidManifest.xml:7:5-9:41
	android:targetSdkVersion
		ADDED from src\main\AndroidManifest.xml:9:9-38
		INJECTED from src\main\AndroidManifest.xml
		INJECTED from src\main\AndroidManifest.xml
	android:minSdkVersion
		ADDED from src\main\AndroidManifest.xml:8:9-35
		INJECTED from src\main\AndroidManifest.xml
		INJECTED from src\main\AndroidManifest.xml
uses-feature#android.hardware.bluetooth_le
ADDED from src\main\AndroidManifest.xml:11:5-13:36
	android:required
		ADDED from src\main\AndroidManifest.xml:13:9-33
	android:name
		ADDED from src\main\AndroidManifest.xml:12:9-53
uses-permission#android.permission.ACCESS_FINE_LOCATION
ADDED from src\main\AndroidManifest.xml:15:5-79
	android:name
		ADDED from src\main\AndroidManifest.xml:15:22-76
uses-permission#android.permission.ACCESS_COARSE_LOCATION
ADDED from src\main\AndroidManifest.xml:16:5-81
	android:name
		ADDED from src\main\AndroidManifest.xml:16:22-78
uses-permission#android.permission.BLUETOOTH
ADDED from src\main\AndroidManifest.xml:17:5-68
	android:name
		ADDED from src\main\AndroidManifest.xml:17:22-65
uses-permission#android.permission.BLUETOOTH_ADMIN
ADDED from src\main\AndroidManifest.xml:18:5-74
	android:name
		ADDED from src\main\AndroidManifest.xml:18:22-71
uses-permission#android.permission.WRITE_EXTERNAL_STORAGE
ADDED from src\main\AndroidManifest.xml:19:5-81
	android:name
		ADDED from src\main\AndroidManifest.xml:19:22-78
uses-permission#android.permission.READ_PHONE_STATE
ADDED from src\main\AndroidManifest.xml:20:5-75
	android:name
		ADDED from src\main\AndroidManifest.xml:20:22-72
uses-permission#android.permission.READ_EXTERNAL_STORAGE
ADDED from src\main\AndroidManifest.xml:21:5-80
	android:name
		ADDED from src\main\AndroidManifest.xml:21:22-77
application
ADDED from src\main\AndroidManifest.xml:23:5-130:19
MERGED from [com.android.support:appcompat-v7:22.2.1] AndroidManifest.xml:22:5-20
MERGED from [com.android.support:appcompat-v7:22.2.1] AndroidManifest.xml:22:5-20
MERGED from [com.android.support:support-v4:22.2.1] AndroidManifest.xml:22:5-20
MERGED from [com.android.support:support-v4:22.2.1] AndroidManifest.xml:22:5-20
MERGED from [com.android.support.constraint:constraint-layout:1.0.2] AndroidManifest.xml:9:5-20
MERGED from [com.android.support.constraint:constraint-layout:1.0.2] AndroidManifest.xml:9:5-20
	android:label
		ADDED from src\main\AndroidManifest.xml:26:9-31
	android:icon
		ADDED from src\main\AndroidManifest.xml:25:9-38
	android:allowBackup
		ADDED from src\main\AndroidManifest.xml:24:9-35
	android:theme
		ADDED from src\main\AndroidManifest.xml:27:9-40
activity#com.hmsoft.bluetooth.le.DeviceScanActivity
ADDED from src\main\AndroidManifest.xml:28:9-37:20
	android:screenOrientation
		ADDED from src\main\AndroidManifest.xml:31:13-49
	android:label
		ADDED from src\main\AndroidManifest.xml:30:13-35
	android:name
		ADDED from src\main\AndroidManifest.xml:29:13-70
intent-filter#android.intent.action.MAIN+android.intent.category.LAUNCHER
ADDED from src\main\AndroidManifest.xml:32:13-36:29
action#android.intent.action.MAIN
ADDED from src\main\AndroidManifest.xml:33:17-69
	android:name
		ADDED from src\main\AndroidManifest.xml:33:25-66
category#android.intent.category.LAUNCHER
ADDED from src\main\AndroidManifest.xml:35:17-77
	android:name
		ADDED from src\main\AndroidManifest.xml:35:27-74
activity#com.hmsoft.bluetooth.le.DeviceControlActivity
ADDED from src\main\AndroidManifest.xml:38:9-40:52
	android:screenOrientation
		ADDED from src\main\AndroidManifest.xml:40:13-49
	android:name
		ADDED from src\main\AndroidManifest.xml:39:13-73
service#com.hmsoft.bluetooth.le.BluetoothLeService
ADDED from src\main\AndroidManifest.xml:42:9-44:38
	android:enabled
		ADDED from src\main\AndroidManifest.xml:44:13-35
	android:name
		ADDED from src\main\AndroidManifest.xml:43:13-70
service#com.example.tbc.bluetooth.BluetoothDataService
ADDED from src\main\AndroidManifest.xml:45:9-49:19
	android:name
		ADDED from src\main\AndroidManifest.xml:45:18-64
intent-filter#com.example.tbc.bluetooth.BluetoothDataService
ADDED from src\main\AndroidManifest.xml:46:13-48:29
action#com.example.tbc.bluetooth.BluetoothDataService
ADDED from src\main\AndroidManifest.xml:47:17-89
	android:name
		ADDED from src\main\AndroidManifest.xml:47:25-86
activity#com.example.tbc.bluetooth.BluetoothDiscoveryActivity
ADDED from src\main\AndroidManifest.xml:51:9-62:20
	android:label
		ADDED from src\main\AndroidManifest.xml:53:13-35
	android:name
		ADDED from src\main\AndroidManifest.xml:52:13-65
activity#com.example.tbc.xxbluetooth.BluetoothControlAcitvity
ADDED from src\main\AndroidManifest.xml:63:9-68:70
	android:screenOrientation
		ADDED from src\main\AndroidManifest.xml:67:13-49
	android:launchMode
		ADDED from src\main\AndroidManifest.xml:66:13-44
	android:windowSoftInputMode
		ADDED from src\main\AndroidManifest.xml:68:13-67
	android:configChanges
		ADDED from src\main\AndroidManifest.xml:65:13-48
	android:name
		ADDED from src\main\AndroidManifest.xml:64:13-65
activity#com.example.tbc.menu.MenuItemListActivity
ADDED from src\main\AndroidManifest.xml:70:9-75:20
	android:label
		ADDED from src\main\AndroidManifest.xml:72:13-35
	android:name
		ADDED from src\main\AndroidManifest.xml:71:13-54
activity#com.example.tbc.setting.SettingHomeActivity
ADDED from src\main\AndroidManifest.xml:79:9-65
	android:name
		ADDED from src\main\AndroidManifest.xml:79:19-62
activity#com.example.tbc.setting.SettingGuide1Activity
ADDED from src\main\AndroidManifest.xml:80:9-67
	android:name
		ADDED from src\main\AndroidManifest.xml:80:19-64
activity#com.example.tbc.setting.SettingGuide2Activity
ADDED from src\main\AndroidManifest.xml:81:9-67
	android:name
		ADDED from src\main\AndroidManifest.xml:81:19-64
activity#com.example.tbc.setting.SettingGuide3Activity
ADDED from src\main\AndroidManifest.xml:82:9-67
	android:name
		ADDED from src\main\AndroidManifest.xml:82:19-64
activity#com.example.tbc.setting.system.SettingSystemActivity
ADDED from src\main\AndroidManifest.xml:83:9-74
	android:name
		ADDED from src\main\AndroidManifest.xml:83:19-71
activity#com.example.tbc.setting.system.SettingSystemUpgradeActivity
ADDED from src\main\AndroidManifest.xml:84:9-81
	android:name
		ADDED from src\main\AndroidManifest.xml:84:19-78
activity#com.example.tbc.setting.system.SettingSystemFactoryActivity
ADDED from src\main\AndroidManifest.xml:85:9-81
	android:name
		ADDED from src\main\AndroidManifest.xml:85:19-78
activity#com.example.tbc.setting.system.SettingSystemSetPassActivity
ADDED from src\main\AndroidManifest.xml:86:9-81
	android:name
		ADDED from src\main\AndroidManifest.xml:86:19-78
activity#com.example.tbc.setting.SettingTimerPlanActivity
ADDED from src\main\AndroidManifest.xml:87:9-70
	android:name
		ADDED from src\main\AndroidManifest.xml:87:19-67
activity#com.example.tbc.setting.SettingHotBakActivity
ADDED from src\main\AndroidManifest.xml:88:9-67
	android:name
		ADDED from src\main\AndroidManifest.xml:88:19-64
activity#com.example.tbc.setting.SettingInsertListActivity
ADDED from src\main\AndroidManifest.xml:89:9-71
	android:name
		ADDED from src\main\AndroidManifest.xml:89:19-68
activity#com.example.tbc.setting.SettingColorTestActivity
ADDED from src\main\AndroidManifest.xml:90:9-70
	android:name
		ADDED from src\main\AndroidManifest.xml:90:19-67
activity#com.example.tbc.setting.SettingLogActivity
ADDED from src\main\AndroidManifest.xml:91:9-64
	android:name
		ADDED from src\main\AndroidManifest.xml:91:19-61
activity#com.example.tbc.setting.SettingAdvanstActivity
ADDED from src\main\AndroidManifest.xml:92:9-68
	android:name
		ADDED from src\main\AndroidManifest.xml:92:19-65
activity#com.example.tbc.setting.SettingBigScreen
ADDED from src\main\AndroidManifest.xml:93:9-62
	android:name
		ADDED from src\main\AndroidManifest.xml:93:19-59
activity#com.example.tbc.setting.SettingImages
ADDED from src\main\AndroidManifest.xml:94:9-59
	android:name
		ADDED from src\main\AndroidManifest.xml:94:19-56
activity#com.example.tbc.setting.SettingDebugActivity
ADDED from src\main\AndroidManifest.xml:95:9-66
	android:name
		ADDED from src\main\AndroidManifest.xml:95:19-63
activity#com.example.tbc.setting.SettingTrialVersion
ADDED from src\main\AndroidManifest.xml:96:9-65
	android:name
		ADDED from src\main\AndroidManifest.xml:96:19-62
activity#com.example.tbc.setting.SettingLogItem
ADDED from src\main\AndroidManifest.xml:97:9-60
	android:name
		ADDED from src\main\AndroidManifest.xml:97:19-57
activity#com.example.tbc.bluetooth.BluetoothSchemeActivity
ADDED from src\main\AndroidManifest.xml:100:9-71
	android:name
		ADDED from src\main\AndroidManifest.xml:100:19-68
activity#com.example.tbc.page.videoout.PageVideoOutResolution
ADDED from src\main\AndroidManifest.xml:103:9-74
	android:name
		ADDED from src\main\AndroidManifest.xml:103:19-71
activity#com.example.tbc.page.videoout.PageVideoOutFrameRate
ADDED from src\main\AndroidManifest.xml:104:9-73
	android:name
		ADDED from src\main\AndroidManifest.xml:104:19-70
activity#com.example.tbc.page.videoout.PageVideoOutInfo
ADDED from src\main\AndroidManifest.xml:105:9-68
	android:name
		ADDED from src\main\AndroidManifest.xml:105:19-65
activity#com.example.tbc.page.sound.PageSoundGetVolume
ADDED from src\main\AndroidManifest.xml:108:9-67
	android:name
		ADDED from src\main\AndroidManifest.xml:108:19-64
activity#com.example.tbc.page.sound.PageSoundSetVolume
ADDED from src\main\AndroidManifest.xml:109:9-67
	android:name
		ADDED from src\main\AndroidManifest.xml:109:19-64
activity#com.example.tbc.page.display.PageDisplayContrast
ADDED from src\main\AndroidManifest.xml:112:9-70
	android:name
		ADDED from src\main\AndroidManifest.xml:112:19-67
activity#com.example.tbc.page.display.PageDisplaySaturation
ADDED from src\main\AndroidManifest.xml:113:9-72
	android:name
		ADDED from src\main\AndroidManifest.xml:113:19-69
activity#com.example.tbc.page.display.PageDisplayShaprness
ADDED from src\main\AndroidManifest.xml:114:9-71
	android:name
		ADDED from src\main\AndroidManifest.xml:114:19-68
activity#com.example.tbc.page.display.PageDisplayInfo
ADDED from src\main\AndroidManifest.xml:115:9-66
	android:name
		ADDED from src\main\AndroidManifest.xml:115:19-63
activity#com.example.tbc.page.osd.PageOsdKey
ADDED from src\main\AndroidManifest.xml:118:9-57
	android:name
		ADDED from src\main\AndroidManifest.xml:118:19-54
activity#com.example.tbc.page.osd.PageOsdPlay
ADDED from src\main\AndroidManifest.xml:119:9-58
	android:name
		ADDED from src\main\AndroidManifest.xml:119:19-55
activity#com.example.tbc.page.led.PageLedGetResolution
ADDED from src\main\AndroidManifest.xml:122:9-67
	android:name
		ADDED from src\main\AndroidManifest.xml:122:19-64
activity#com.example.tbc.page.led.PageLedSetResolution
ADDED from src\main\AndroidManifest.xml:123:9-67
	android:name
		ADDED from src\main\AndroidManifest.xml:123:19-64
activity#com.example.tbc.page.system.PageSystemFactory
ADDED from src\main\AndroidManifest.xml:126:9-67
	android:name
		ADDED from src\main\AndroidManifest.xml:126:19-64
activity#com.example.tbc.page.system.PageSystemReboot
ADDED from src\main\AndroidManifest.xml:127:9-66
	android:name
		ADDED from src\main\AndroidManifest.xml:127:19-63
activity#com.example.tbc.page.system.PageSystemUpgrade
ADDED from src\main\AndroidManifest.xml:128:9-67
	android:name
		ADDED from src\main\AndroidManifest.xml:128:19-64
activity#com.example.tbc.page.system.PageSystemSetHeartbeat
ADDED from src\main\AndroidManifest.xml:129:9-72
	android:name
		ADDED from src\main\AndroidManifest.xml:129:19-69